<?xml version="1.0" encoding="UTF-8"?>
<!-- Generated by org.testng.reporters.JUnitXMLReporter -->
<testsuite ignored="0" hostname="Goutams-MacBook-Air.local" failures="0" tests="11" name="caseStudy Slenium Test" time="134.317" errors="0" timestamp="2020-04-16T02:43:05 IST">
  <testcase classname="caseStudySelenium.caseStudySelenium.assignment1" name="clickOnEachItem" time="6.374"/>
  <testcase classname="caseStudySelenium.caseStudySelenium.assignment1" name="fillTheForm" time="6.672"/>
  <testcase classname="caseStudySelenium.caseStudySelenium.assignment1" name="dragAndDropTarget" time="1.612"/>
  <testcase classname="caseStudySelenium.caseStudySelenium.assignment1" name="selectDateOfBirthInACalendar" time="6.379"/>
  <testcase classname="caseStudySelenium.caseStudySelenium.assignment1" name="selectAllTheMenuOptionsOneByOne" time="1.797"/>
  <testcase classname="caseStudySelenium.caseStudySelenium.assignment1" name="selectRentalCarHorizontalBlock" time="2.516"/>
  <testcase classname="caseStudySelenium.caseStudySelenium.assignment2" name="registerInAll3Links" time="32.339"/>
  <testcase classname="caseStudySelenium.caseStudySelenium.assignment2" name="InValidLoginAll3Links" time="22.509"/>
  <testcase classname="caseStudySelenium.caseStudySelenium.assignment2" name="LoginAll3Links" time="17.793"/>
  <testcase classname="caseStudySelenium.caseStudySelenium.assignment2" name="readFromExcel" time="11.386"/>
  <testcase classname="caseStudySelenium.caseStudySelenium.assignment3" name="makeMyTrip" time="17.67"/>
</testsuite> <!-- caseStudy Slenium Test -->
